<?xml version="1.0" encoding="UTF-8"?>
<testsuite name="com.mparkersimms.songr.SongrApplicationTests" tests="1" skipped="0" failures="0" errors="0" timestamp="2021-04-06T03:58:12" hostname="Matthews-MacBook-Pro.local" time="0.432">
  <properties/>
  <testcase name="albumTest()" classname="com.mparkersimms.songr.SongrApplicationTests" time="0.432"/>
  <system-out><![CDATA[22:58:08.943 [Test worker] DEBUG org.springframework.test.context.BootstrapUtils - Instantiating CacheAwareContextLoaderDelegate from class [org.springframework.test.context.cache.DefaultCacheAwareContextLoaderDelegate]
22:58:08.957 [Test worker] DEBUG org.springframework.test.context.BootstrapUtils - Instantiating BootstrapContext using constructor [public org.springframework.test.context.support.DefaultBootstrapContext(java.lang.Class,org.springframework.test.context.CacheAwareContextLoaderDelegate)]
22:58:08.995 [Test worker] DEBUG org.springframework.test.context.BootstrapUtils - Instantiating TestContextBootstrapper for test class [com.mparkersimms.songr.SongrApplicationTests] from class [org.springframework.boot.test.context.SpringBootTestContextBootstrapper]
22:58:09.007 [Test worker] INFO org.springframework.boot.test.context.SpringBootTestContextBootstrapper - Neither @ContextConfiguration nor @ContextHierarchy found for test class [com.mparkersimms.songr.SongrApplicationTests], using SpringBootContextLoader
22:58:09.012 [Test worker] DEBUG org.springframework.test.context.support.AbstractContextLoader - Did not detect default resource location for test class [com.mparkersimms.songr.SongrApplicationTests]: class path resource [com/mparkersimms/songr/SongrApplicationTests-context.xml] does not exist
22:58:09.012 [Test worker] DEBUG org.springframework.test.context.support.AbstractContextLoader - Did not detect default resource location for test class [com.mparkersimms.songr.SongrApplicationTests]: class path resource [com/mparkersimms/songr/SongrApplicationTestsContext.groovy] does not exist
22:58:09.012 [Test worker] INFO org.springframework.test.context.support.AbstractContextLoader - Could not detect default resource locations for test class [com.mparkersimms.songr.SongrApplicationTests]: no resource found for suffixes {-context.xml, Context.groovy}.
22:58:09.013 [Test worker] INFO org.springframework.test.context.support.AnnotationConfigContextLoaderUtils - Could not detect default configuration classes for test class [com.mparkersimms.songr.SongrApplicationTests]: SongrApplicationTests does not declare any static, non-private, non-final, nested classes annotated with @Configuration.
22:58:09.062 [Test worker] DEBUG org.springframework.test.context.support.ActiveProfilesUtils - Could not find an 'annotation declaring class' for annotation type [org.springframework.test.context.ActiveProfiles] and class [com.mparkersimms.songr.SongrApplicationTests]
22:58:09.138 [Test worker] DEBUG org.springframework.context.annotation.ClassPathScanningCandidateComponentProvider - Identified candidate component class: file [/Users/matthewsimms/Documents/projects/401/songr/build/classes/java/main/com/mparkersimms/songr/SongrApplication.class]
22:58:09.148 [Test worker] INFO org.springframework.boot.test.context.SpringBootTestContextBootstrapper - Found @SpringBootConfiguration com.mparkersimms.songr.SongrApplication for test class com.mparkersimms.songr.SongrApplicationTests
22:58:09.273 [Test worker] DEBUG org.springframework.boot.test.context.SpringBootTestContextBootstrapper - @TestExecutionListeners is not present for class [com.mparkersimms.songr.SongrApplicationTests]: using defaults.
22:58:09.273 [Test worker] INFO org.springframework.boot.test.context.SpringBootTestContextBootstrapper - Loaded default TestExecutionListener class names from location [META-INF/spring.factories]: [org.springframework.boot.test.autoconfigure.restdocs.RestDocsTestExecutionListener, org.springframework.boot.test.autoconfigure.web.client.MockRestServiceServerResetTestExecutionListener, org.springframework.boot.test.autoconfigure.web.servlet.MockMvcPrintOnlyOnFailureTestExecutionListener, org.springframework.boot.test.autoconfigure.web.servlet.WebDriverTestExecutionListener, org.springframework.boot.test.autoconfigure.webservices.client.MockWebServiceServerTestExecutionListener, org.springframework.boot.test.mock.mockito.MockitoTestExecutionListener, org.springframework.boot.test.mock.mockito.ResetMocksTestExecutionListener, org.springframework.test.context.web.ServletTestExecutionListener, org.springframework.test.context.support.DirtiesContextBeforeModesTestExecutionListener, org.springframework.test.context.event.ApplicationEventsTestExecutionListener, org.springframework.test.context.support.DependencyInjectionTestExecutionListener, org.springframework.test.context.support.DirtiesContextTestExecutionListener, org.springframework.test.context.transaction.TransactionalTestExecutionListener, org.springframework.test.context.jdbc.SqlScriptsTestExecutionListener, org.springframework.test.context.event.EventPublishingTestExecutionListener]
22:58:09.284 [Test worker] DEBUG org.springframework.boot.test.context.SpringBootTestContextBootstrapper - Skipping candidate TestExecutionListener [org.springframework.test.context.transaction.TransactionalTestExecutionListener] due to a missing dependency. Specify custom listener classes or make the default listener classes and their required dependencies available. Offending class: [org/springframework/transaction/TransactionDefinition]
22:58:09.285 [Test worker] DEBUG org.springframework.boot.test.context.SpringBootTestContextBootstrapper - Skipping candidate TestExecutionListener [org.springframework.test.context.jdbc.SqlScriptsTestExecutionListener] due to a missing dependency. Specify custom listener classes or make the default listener classes and their required dependencies available. Offending class: [org/springframework/transaction/interceptor/TransactionAttribute]
22:58:09.285 [Test worker] INFO org.springframework.boot.test.context.SpringBootTestContextBootstrapper - Using TestExecutionListeners: [org.springframework.test.context.web.ServletTestExecutionListener@340b01b5, org.springframework.test.context.support.DirtiesContextBeforeModesTestExecutionListener@561b2e21, org.springframework.test.context.event.ApplicationEventsTestExecutionListener@67b3f84, org.springframework.boot.test.mock.mockito.MockitoTestExecutionListener@61db880d, org.springframework.boot.test.autoconfigure.SpringBootDependencyInjectionTestExecutionListener@d312b2a, org.springframework.test.context.support.DirtiesContextTestExecutionListener@254768b, org.springframework.test.context.event.EventPublishingTestExecutionListener@5d8cfe5a, org.springframework.boot.test.autoconfigure.restdocs.RestDocsTestExecutionListener@60aa9e06, org.springframework.boot.test.autoconfigure.web.client.MockRestServiceServerResetTestExecutionListener@64c68142, org.springframework.boot.test.autoconfigure.web.servlet.MockMvcPrintOnlyOnFailureTestExecutionListener@4507437f, org.springframework.boot.test.autoconfigure.web.servlet.WebDriverTestExecutionListener@7fc31bab, org.springframework.boot.test.autoconfigure.webservices.client.MockWebServiceServerTestExecutionListener@4badf0fb, org.springframework.boot.test.mock.mockito.ResetMocksTestExecutionListener@1b31b45d]
22:58:09.290 [Test worker] DEBUG org.springframework.test.context.support.AbstractDirtiesContextTestExecutionListener - Before test class: context [DefaultTestContext@7dbf4157 testClass = SongrApplicationTests, testInstance = [null], testMethod = [null], testException = [null], mergedContextConfiguration = [WebMergedContextConfiguration@7c80b28b testClass = SongrApplicationTests, locations = '{}', classes = '{class com.mparkersimms.songr.SongrApplication}', contextInitializerClasses = '[]', activeProfiles = '{}', propertySourceLocations = '{}', propertySourceProperties = '{org.springframework.boot.test.context.SpringBootTestContextBootstrapper=true}', contextCustomizers = set[org.springframework.boot.test.autoconfigure.actuate.metrics.MetricsExportContextCustomizerFactory$DisableMetricExportContextCustomizer@39d0f73e, org.springframework.boot.test.autoconfigure.properties.PropertyMappingContextCustomizer@0, org.springframework.boot.test.autoconfigure.web.servlet.WebDriverContextCustomizerFactory$Customizer@43db8f84, org.springframework.boot.test.context.filter.ExcludeFilterContextCustomizer@4ebd1849, org.springframework.boot.test.json.DuplicateJsonObjectContextCustomizerFactory$DuplicateJsonObjectContextCustomizer@6c81c09e, org.springframework.boot.test.mock.mockito.MockitoContextCustomizer@0, org.springframework.boot.test.web.client.TestRestTemplateContextCustomizer@36b64d4b, org.springframework.boot.test.context.SpringBootTestArgs@1, org.springframework.boot.test.context.SpringBootTestWebEnvironment@184c3ebb], resourceBasePath = 'src/main/webapp', contextLoader = 'org.springframework.boot.test.context.SpringBootContextLoader', parent = [null]], attributes = map['org.springframework.test.context.web.ServletTestExecutionListener.activateListener' -> true]], class annotated with @DirtiesContext [false] with mode [null].
22:58:09.328 [Test worker] DEBUG org.springframework.test.context.support.TestPropertySourceUtils - Adding inlined properties to environment: {spring.jmx.enabled=false, org.springframework.boot.test.context.SpringBootTestContextBootstrapper=true}

  .   ____          _            __ _ _
 /\\ / ___'_ __ _ _(_)_ __  __ _ \ \ \ \
( ( )\___ | '_ | '_| | '_ \/ _` | \ \ \ \
 \\/  ___)| |_)| | | | | || (_| |  ) ) ) )
  '  |____| .__|_| |_|_| |_\__, | / / / /
 =========|_|==============|___/=/_/_/_/
 :: Spring Boot ::                (v2.4.4)

2021-04-05 22:58:09.859  INFO 64528 --- [    Test worker] c.m.songr.SongrApplicationTests          : Starting SongrApplicationTests using Java 1.8.0_281 on Matthews-MacBook-Pro.local with PID 64528 (started by matthewsimms in /Users/matthewsimms/Documents/projects/401/songr)
2021-04-05 22:58:09.865  INFO 64528 --- [    Test worker] c.m.songr.SongrApplicationTests          : No active profile set, falling back to default profiles: default
2021-04-05 22:58:11.737  INFO 64528 --- [    Test worker] o.s.s.concurrent.ThreadPoolTaskExecutor  : Initializing ExecutorService 'applicationTaskExecutor'
2021-04-05 22:58:12.465  INFO 64528 --- [    Test worker] c.m.songr.SongrApplicationTests          : Started SongrApplicationTests in 3.126 seconds (JVM running for 4.624)
testAlbum.artist = Test Artist
]]></system-out>
  <system-err><![CDATA[]]></system-err>
</testsuite>
